<?xml version="1.0" encoding="UTF-8"?>
<testng-results skipped="0" failed="0" ignored="0" total="1" passed="1">
  <reporter-output>
  </reporter-output>
  <suite name="Suite" duration-ms="9285" started-at="2019-06-22T18:42:52Z" finished-at="2019-06-22T18:43:02Z">
    <groups>
    </groups>
    <test name="Test" duration-ms="9285" started-at="2019-06-22T18:42:52Z" finished-at="2019-06-22T18:43:02Z">
      <class name="NewTest">
        <test-method status="PASS" signature="beforeClass()[pri:0, instance:NewTest@42d80b78]" name="beforeClass" is-config="true" duration-ms="5690" started-at="2019-06-22T18:42:52Z" finished-at="2019-06-22T18:42:58Z">
          <reporter-output>
          </reporter-output>
        </test-method> <!-- beforeClass -->
        <test-method status="PASS" signature="openMyBlog()[pri:0, instance:NewTest@42d80b78]" name="openMyBlog" duration-ms="2474" started-at="2019-06-22T18:42:58Z" finished-at="2019-06-22T18:43:01Z">
          <reporter-output>
          </reporter-output>
        </test-method> <!-- openMyBlog -->
        <test-method status="PASS" signature="afterClass()[pri:0, instance:NewTest@42d80b78]" name="afterClass" is-config="true" duration-ms="1037" started-at="2019-06-22T18:43:01Z" finished-at="2019-06-22T18:43:02Z">
          <reporter-output>
          </reporter-output>
        </test-method> <!-- afterClass -->
      </class> <!-- NewTest -->
    </test> <!-- Test -->
  </suite> <!-- Suite -->
</testng-results>
